# JRE version: OpenJDK Runtime Environment (8.0_242-b01) (build 1.8.0_242-release-1644-b01)
# Java VM: OpenJDK 64-Bit Server VM (25.242-b01 mixed mode windows-amd64 compressed oops)
Heap:
 PSYoungGen      total 185344K, used 174799K [0x00000000d5580000, 0x00000000e1f80000, 0x0000000100000000)
  eden space 168960K, 95% used [0x00000000d5580000,0x00000000df304960,0x00000000dfa80000)
  from space 16384K, 82% used [0x00000000e0f80000,0x00000000e1caf4a0,0x00000000e1f80000)
  to   space 18944K, 0% used [0x00000000dfa80000,0x00000000dfa80000,0x00000000e0d00000)
 ParOldGen       total 116736K, used 32506K [0x0000000080000000, 0x0000000087200000, 0x00000000d5580000)
  object space 116736K, 27% used [0x0000000080000000,0x0000000081fbea98,0x0000000087200000)
 Metaspace       used 66104K, capacity 69270K, committed 69416K, reserved 1110016K
  class space    used 9075K, capacity 9714K, committed 9776K, reserved 1048576K
GC Heap History (10 events):
Event: 7.838 GC heap before
{Heap before GC invocations=15 (full 2):
 PSYoungGen      total 120320K, used 120246K [0x00000000d5580000, 0x00000000dec00000, 0x0000000100000000)
  eden space 114688K, 100% used [0x00000000d5580000,0x00000000dc580000,0x00000000dc580000)
  from space 5632K, 98% used [0x00000000de680000,0x00000000debed8f0,0x00000000dec00000)
  to   space 11776K, 0% used [0x00000000dd500000,0x00000000dd500000,0x00000000de080000)
 ParOldGen       total 73216K, used 13778K [0x0000000080000000, 0x0000000084780000, 0x00000000d5580000)
  object space 73216K, 18% used [0x0000000080000000,0x0000000080d74ba8,0x0000000084780000)
 Metaspace       used 47315K, capacity 49300K, committed 49576K, reserved 1091584K
  class space    used 6403K, capacity 6812K, committed 6832K, reserved 1048576K
Event: 7.860 GC heap after
Heap after GC invocations=15 (full 2):
 PSYoungGen      total 142336K, used 11772K [0x00000000d5580000, 0x00000000e0200000, 0x0000000100000000)
  eden space 130560K, 0% used [0x00000000d5580000,0x00000000d5580000,0x00000000dd500000)
  from space 11776K, 99% used [0x00000000dd500000,0x00000000de07f060,0x00000000de080000)
  to   space 15872K, 0% used [0x00000000df280000,0x00000000df280000,0x00000000e0200000)
 ParOldGen       total 73216K, used 19527K [0x0000000080000000, 0x0000000084780000, 0x00000000d5580000)
  object space 73216K, 26% used [0x0000000080000000,0x0000000081311e80,0x0000000084780000)
 Metaspace       used 47315K, capacity 49300K, committed 49576K, reserved 1091584K
  class space    used 6403K, capacity 6812K, committed 6832K, reserved 1048576K
}
Event: 10.075 GC heap before
{Heap before GC invocations=16 (full 2):
 PSYoungGen      total 142336K, used 142332K [0x00000000d5580000, 0x00000000e0200000, 0x0000000100000000)
  eden space 130560K, 100% used [0x00000000d5580000,0x00000000dd500000,0x00000000dd500000)
  from space 11776K, 99% used [0x00000000dd500000,0x00000000de07f060,0x00000000de080000)
  to   space 15872K, 0% used [0x00000000df280000,0x00000000df280000,0x00000000e0200000)
 ParOldGen       total 73216K, used 19527K [0x0000000080000000, 0x0000000084780000, 0x00000000d5580000)
  object space 73216K, 26% used [0x0000000080000000,0x0000000081311e80,0x0000000084780000)
 Metaspace       used 55823K, capacity 58146K, committed 58408K, reserved 1099776K
  class space    used 7615K, capacity 8130K, committed 8240K, reserved 1048576K
Event: 10.106 GC heap after
Heap after GC invocations=16 (full 2):
 PSYoungGen      total 158720K, used 14988K [0x00000000d5580000, 0x00000000e1600000, 0x0000000100000000)
  eden space 142848K, 0% used [0x00000000d5580000,0x00000000d5580000,0x00000000de100000)
  from space 15872K, 94% used [0x00000000df280000,0x00000000e0123350,0x00000000e0200000)
  to   space 17920K, 0% used [0x00000000de100000,0x00000000de100000,0x00000000df280000)
 ParOldGen       total 73216K, used 29749K [0x0000000080000000, 0x0000000084780000, 0x00000000d5580000)
  object space 73216K, 40% used [0x0000000080000000,0x0000000081d0d410,0x0000000084780000)
 Metaspace       used 55823K, capacity 58146K, committed 58408K, reserved 1099776K
  class space    used 7615K, capacity 8130K, committed 8240K, reserved 1048576K
}
Event: 11.241 GC heap before
{Heap before GC invocations=17 (full 2):
 PSYoungGen      total 158720K, used 33070K [0x00000000d5580000, 0x00000000e1600000, 0x0000000100000000)
  eden space 142848K, 12% used [0x00000000d5580000,0x00000000d6728568,0x00000000de100000)
  from space 15872K, 94% used [0x00000000df280000,0x00000000e0123350,0x00000000e0200000)
  to   space 17920K, 0% used [0x00000000de100000,0x00000000de100000,0x00000000df280000)
 ParOldGen       total 73216K, used 29749K [0x0000000080000000, 0x0000000084780000, 0x00000000d5580000)
  object space 73216K, 40% used [0x0000000080000000,0x0000000081d0d410,0x0000000084780000)
 Metaspace       used 56550K, capacity 59064K, committed 59160K, reserved 1099776K
  class space    used 7740K, capacity 8291K, committed 8368K, reserved 1048576K
Event: 11.266 GC heap after
Heap after GC invocations=17 (full 2):
 PSYoungGen      total 160768K, used 10240K [0x00000000d5580000, 0x00000000e2100000, 0x0000000100000000)
  eden space 142848K, 0% used [0x00000000d5580000,0x00000000d5580000,0x00000000de100000)
  from space 17920K, 57% used [0x00000000de100000,0x00000000deb00020,0x00000000df280000)
  to   space 17920K, 0% used [0x00000000e0f80000,0x00000000e0f80000,0x00000000e2100000)
 ParOldGen       total 73216K, used 29757K [0x0000000080000000, 0x0000000084780000, 0x00000000d5580000)
  object space 73216K, 40% used [0x0000000080000000,0x0000000081d0f410,0x0000000084780000)
 Metaspace       used 56550K, capacity 59064K, committed 59160K, reserved 1099776K
  class space    used 7740K, capacity 8291K, committed 8368K, reserved 1048576K
}
Event: 11.266 GC heap before
{Heap before GC invocations=18 (full 3):
 PSYoungGen      total 160768K, used 10240K [0x00000000d5580000, 0x00000000e2100000, 0x0000000100000000)
  eden space 142848K, 0% used [0x00000000d5580000,0x00000000d5580000,0x00000000de100000)
  from space 17920K, 57% used [0x00000000de100000,0x00000000deb00020,0x00000000df280000)
  to   space 17920K, 0% used [0x00000000e0f80000,0x00000000e0f80000,0x00000000e2100000)
 ParOldGen       total 73216K, used 29757K [0x0000000080000000, 0x0000000084780000, 0x00000000d5580000)
  object space 73216K, 40% used [0x0000000080000000,0x0000000081d0f410,0x0000000084780000)
 Metaspace       used 56550K, capacity 59064K, committed 59160K, reserved 1099776K
  class space    used 7740K, capacity 8291K, committed 8368K, reserved 1048576K
Event: 11.440 GC heap after
Heap after GC invocations=18 (full 3):
 PSYoungGen      total 160768K, used 0K [0x00000000d5580000, 0x00000000e2100000, 0x0000000100000000)
  eden space 142848K, 0% used [0x00000000d5580000,0x00000000d5580000,0x00000000de100000)
  from space 17920K, 0% used [0x00000000de100000,0x00000000de100000,0x00000000df280000)
  to   space 17920K, 0% used [0x00000000e0f80000,0x00000000e0f80000,0x00000000e2100000)
 ParOldGen       total 116736K, used 32498K [0x0000000080000000, 0x0000000087200000, 0x00000000d5580000)
  object space 116736K, 27% used [0x0000000080000000,0x0000000081fbca98,0x0000000087200000)
 Metaspace       used 56488K, capacity 58854K, committed 59160K, reserved 1099776K
  class space    used 7721K, capacity 8256K, committed 8368K, reserved 1048576K
}
Event: 20.845 GC heap before
{Heap before GC invocations=19 (full 3):
 PSYoungGen      total 160768K, used 142848K [0x00000000d5580000, 0x00000000e2100000, 0x0000000100000000)
  eden space 142848K, 100% used [0x00000000d5580000,0x00000000de100000,0x00000000de100000)
  from space 17920K, 0% used [0x00000000de100000,0x00000000de100000,0x00000000df280000)
  to   space 17920K, 0% used [0x00000000e0f80000,0x00000000e0f80000,0x00000000e2100000)
 ParOldGen       total 116736K, used 32498K [0x0000000080000000, 0x0000000087200000, 0x00000000d5580000)
  object space 116736K, 27% used [0x0000000080000000,0x0000000081fbca98,0x0000000087200000)
 Metaspace       used 63542K, capacity 66564K, committed 66856K, reserved 1105920K
  class space    used 8806K, capacity 9435K, committed 9520K, reserved 1048576K
Event: 20.860 GC heap after
Heap after GC invocations=19 (full 3):
 PSYoungGen      total 185344K, used 13501K [0x00000000d5580000, 0x00000000e1f80000, 0x0000000100000000)
  eden space 168960K, 0% used [0x00000000d5580000,0x00000000d5580000,0x00000000dfa80000)
  from space 16384K, 82% used [0x00000000e0f80000,0x00000000e1caf4a0,0x00000000e1f80000)
  to   space 18944K, 0% used [0x00000000dfa80000,0x00000000dfa80000,0x00000000e0d00000)
 ParOldGen       total 116736K, used 32506K [0x0000000080000000, 0x0000000087200000, 0x00000000d5580000)
  object space 116736K, 27% used [0x0000000080000000,0x0000000081fbea98,0x0000000087200000)
 Metaspace       used 63542K, capacity 66564K, committed 66856K, reserved 1105920K
  class space    used 8806K, capacity 9435K, committed 9520K, reserved 1048576K
}

