# JRE version: OpenJDK Runtime Environment (8.0_242-b01) (build 1.8.0_242-release-1644-b01)
# Java VM: OpenJDK 64-Bit Server VM (25.242-b01 mixed mode windows-amd64 compressed oops)
Heap:
 PSYoungGen      total 241152K, used 23520K [0x00000000d5580000, 0x00000000e6a80000, 0x0000000100000000)
  eden space 222208K, 10% used [0x00000000d5580000,0x00000000d6c78030,0x00000000e2e80000)
  from space 18944K, 0% used [0x00000000e4080000,0x00000000e4080000,0x00000000e5300000)
  to   space 18432K, 0% used [0x00000000e2e80000,0x00000000e2e80000,0x00000000e4080000)
 ParOldGen       total 109568K, used 34388K [0x0000000080000000, 0x0000000086b00000, 0x00000000d5580000)
  object space 109568K, 31% used [0x0000000080000000,0x00000000821953b8,0x0000000086b00000)
 Metaspace       used 58122K, capacity 60524K, committed 60840K, reserved 1103872K
  class space    used 8005K, capacity 8551K, committed 8624K, reserved 1048576K
GC Heap History (10 events):
Event: 4.495 GC heap before
{Heap before GC invocations=11 (full 2):
 PSYoungGen      total 136704K, used 11244K [0x00000000d5580000, 0x00000000e1e00000, 0x0000000100000000)
  eden space 125440K, 0% used [0x00000000d5580000,0x00000000d5580000,0x00000000dd000000)
  from space 11264K, 99% used [0x00000000dd000000,0x00000000ddafb338,0x00000000ddb00000)
  to   space 12800K, 0% used [0x00000000e1180000,0x00000000e1180000,0x00000000e1e00000)
 ParOldGen       total 48128K, used 7099K [0x0000000080000000, 0x0000000082f00000, 0x00000000d5580000)
  object space 48128K, 14% used [0x0000000080000000,0x00000000806eefe8,0x0000000082f00000)
 Metaspace       used 34324K, capacity 35420K, committed 35496K, reserved 1079296K
  class space    used 4726K, capacity 5003K, committed 5040K, reserved 1048576K
Event: 4.544 GC heap after
Heap after GC invocations=11 (full 2):
 PSYoungGen      total 136704K, used 0K [0x00000000d5580000, 0x00000000e1e00000, 0x0000000100000000)
  eden space 125440K, 0% used [0x00000000d5580000,0x00000000d5580000,0x00000000dd000000)
  from space 11264K, 0% used [0x00000000dd000000,0x00000000dd000000,0x00000000ddb00000)
  to   space 12800K, 0% used [0x00000000e1180000,0x00000000e1180000,0x00000000e1e00000)
 ParOldGen       total 73216K, used 17584K [0x0000000080000000, 0x0000000084780000, 0x00000000d5580000)
  object space 73216K, 24% used [0x0000000080000000,0x000000008112c150,0x0000000084780000)
 Metaspace       used 34324K, capacity 35420K, committed 35496K, reserved 1079296K
  class space    used 4726K, capacity 5003K, committed 5040K, reserved 1048576K
}
Event: 5.451 GC heap before
{Heap before GC invocations=12 (full 2):
 PSYoungGen      total 136704K, used 125440K [0x00000000d5580000, 0x00000000e1e00000, 0x0000000100000000)
  eden space 125440K, 100% used [0x00000000d5580000,0x00000000dd000000,0x00000000dd000000)
  from space 11264K, 0% used [0x00000000dd000000,0x00000000dd000000,0x00000000ddb00000)
  to   space 12800K, 0% used [0x00000000e1180000,0x00000000e1180000,0x00000000e1e00000)
 ParOldGen       total 73216K, used 17584K [0x0000000080000000, 0x0000000084780000, 0x00000000d5580000)
  object space 73216K, 24% used [0x0000000080000000,0x000000008112c150,0x0000000084780000)
 Metaspace       used 38616K, capacity 40366K, committed 40616K, reserved 1083392K
  class space    used 5330K, capacity 5703K, committed 5808K, reserved 1048576K
Event: 5.458 GC heap after
Heap after GC invocations=12 (full 2):
 PSYoungGen      total 177664K, used 8957K [0x00000000d5580000, 0x00000000e1a80000, 0x0000000100000000)
  eden space 168448K, 0% used [0x00000000d5580000,0x00000000d5580000,0x00000000dfa00000)
  from space 9216K, 97% used [0x00000000e1180000,0x00000000e1a3f6f8,0x00000000e1a80000)
  to   space 12800K, 0% used [0x00000000e0180000,0x00000000e0180000,0x00000000e0e00000)
 ParOldGen       total 73216K, used 17592K [0x0000000080000000, 0x0000000084780000, 0x00000000d5580000)
  object space 73216K, 24% used [0x0000000080000000,0x000000008112e150,0x0000000084780000)
 Metaspace       used 38616K, capacity 40366K, committed 40616K, reserved 1083392K
  class space    used 5330K, capacity 5703K, committed 5808K, reserved 1048576K
}
Event: 8.311 GC heap before
{Heap before GC invocations=13 (full 2):
 PSYoungGen      total 177664K, used 177405K [0x00000000d5580000, 0x00000000e1a80000, 0x0000000100000000)
  eden space 168448K, 100% used [0x00000000d5580000,0x00000000dfa00000,0x00000000dfa00000)
  from space 9216K, 97% used [0x00000000e1180000,0x00000000e1a3f6f8,0x00000000e1a80000)
  to   space 12800K, 0% used [0x00000000e0180000,0x00000000e0180000,0x00000000e0e00000)
 ParOldGen       total 73216K, used 17592K [0x0000000080000000, 0x0000000084780000, 0x00000000d5580000)
  object space 73216K, 24% used [0x0000000080000000,0x000000008112e150,0x0000000084780000)
 Metaspace       used 53040K, capacity 55330K, committed 55592K, reserved 1097728K
  class space    used 7143K, capacity 7613K, committed 7728K, reserved 1048576K
Event: 8.336 GC heap after
Heap after GC invocations=13 (full 2):
 PSYoungGen      total 188928K, used 12782K [0x00000000d5580000, 0x00000000e5300000, 0x0000000100000000)
  eden space 176128K, 0% used [0x00000000d5580000,0x00000000d5580000,0x00000000e0180000)
  from space 12800K, 99% used [0x00000000e0180000,0x00000000e0dfb9c8,0x00000000e0e00000)
  to   space 18944K, 0% used [0x00000000e4080000,0x00000000e4080000,0x00000000e5300000)
 ParOldGen       total 73216K, used 29925K [0x0000000080000000, 0x0000000084780000, 0x00000000d5580000)
  object space 73216K, 40% used [0x0000000080000000,0x0000000081d395c8,0x0000000084780000)
 Metaspace       used 53040K, capacity 55330K, committed 55592K, reserved 1097728K
  class space    used 7143K, capacity 7613K, committed 7728K, reserved 1048576K
}
Event: 8.876 GC heap before
{Heap before GC invocations=14 (full 2):
 PSYoungGen      total 188928K, used 78949K [0x00000000d5580000, 0x00000000e5300000, 0x0000000100000000)
  eden space 176128K, 37% used [0x00000000d5580000,0x00000000d961db30,0x00000000e0180000)
  from space 12800K, 99% used [0x00000000e0180000,0x00000000e0dfb9c8,0x00000000e0e00000)
  to   space 18944K, 0% used [0x00000000e4080000,0x00000000e4080000,0x00000000e5300000)
 ParOldGen       total 73216K, used 29925K [0x0000000080000000, 0x0000000084780000, 0x00000000d5580000)
  object space 73216K, 40% used [0x0000000080000000,0x0000000081d395c8,0x0000000084780000)
 Metaspace       used 56529K, capacity 59086K, committed 59160K, reserved 1099776K
  class space    used 7733K, capacity 8294K, committed 8368K, reserved 1048576K
Event: 8.932 GC heap after
Heap after GC invocations=14 (full 2):
 PSYoungGen      total 241152K, used 6945K [0x00000000d5580000, 0x00000000e6a80000, 0x0000000100000000)
  eden space 222208K, 0% used [0x00000000d5580000,0x00000000d5580000,0x00000000e2e80000)
  from space 18944K, 36% used [0x00000000e4080000,0x00000000e4748610,0x00000000e5300000)
  to   space 18432K, 0% used [0x00000000e2e80000,0x00000000e2e80000,0x00000000e4080000)
 ParOldGen       total 73216K, used 40516K [0x0000000080000000, 0x0000000084780000, 0x00000000d5580000)
  object space 73216K, 55% used [0x0000000080000000,0x0000000082791380,0x0000000084780000)
 Metaspace       used 56529K, capacity 59086K, committed 59160K, reserved 1099776K
  class space    used 7733K, capacity 8294K, committed 8368K, reserved 1048576K
}
Event: 8.932 GC heap before
{Heap before GC invocations=15 (full 3):
 PSYoungGen      total 241152K, used 6945K [0x00000000d5580000, 0x00000000e6a80000, 0x0000000100000000)
  eden space 222208K, 0% used [0x00000000d5580000,0x00000000d5580000,0x00000000e2e80000)
  from space 18944K, 36% used [0x00000000e4080000,0x00000000e4748610,0x00000000e5300000)
  to   space 18432K, 0% used [0x00000000e2e80000,0x00000000e2e80000,0x00000000e4080000)
 ParOldGen       total 73216K, used 40516K [0x0000000080000000, 0x0000000084780000, 0x00000000d5580000)
  object space 73216K, 55% used [0x0000000080000000,0x0000000082791380,0x0000000084780000)
 Metaspace       used 56529K, capacity 59086K, committed 59160K, reserved 1099776K
  class space    used 7733K, capacity 8294K, committed 8368K, reserved 1048576K
Event: 9.136 GC heap after
Heap after GC invocations=15 (full 3):
 PSYoungGen      total 241152K, used 0K [0x00000000d5580000, 0x00000000e6a80000, 0x0000000100000000)
  eden space 222208K, 0% used [0x00000000d5580000,0x00000000d5580000,0x00000000e2e80000)
  from space 18944K, 0% used [0x00000000e4080000,0x00000000e4080000,0x00000000e5300000)
  to   space 18432K, 0% used [0x00000000e2e80000,0x00000000e2e80000,0x00000000e4080000)
 ParOldGen       total 109568K, used 34388K [0x0000000080000000, 0x0000000086b00000, 0x00000000d5580000)
  object space 109568K, 31% used [0x0000000080000000,0x00000000821953b8,0x0000000086b00000)
 Metaspace       used 56459K, capacity 58846K, committed 59160K, reserved 1099776K
  class space    used 7712K, capacity 8254K, committed 8368K, reserved 1048576K
}

