# JRE version: OpenJDK Runtime Environment (8.0_242-b01) (build 1.8.0_242-release-1644-b01)
# Java VM: OpenJDK 64-Bit Server VM (25.242-b01 mixed mode windows-amd64 compressed oops)
Heap:
 PSYoungGen      total 460288K, used 52870K [0x00000000d5580000, 0x00000000f8680000, 0x0000000100000000)
  eden space 377856K, 8% used [0x00000000d5580000,0x00000000d731aee0,0x00000000ec680000)
  from space 82432K, 27% used [0x00000000ec680000,0x00000000edc86c48,0x00000000f1700000)
  to   space 79872K, 0% used [0x00000000f3880000,0x00000000f3880000,0x00000000f8680000)
 ParOldGen       total 334336K, used 174310K [0x0000000080000000, 0x0000000094680000, 0x00000000d5580000)
  object space 334336K, 52% used [0x0000000080000000,0x000000008aa39a48,0x0000000094680000)
 Metaspace       used 116753K, capacity 125143K, committed 125480K, reserved 1159168K
  class space    used 15062K, capacity 16521K, committed 16688K, reserved 1048576K
GC Heap History (10 events):
Event: 17601.708 GC heap before
{Heap before GC invocations=42 (full 5):
 PSYoungGen      total 358912K, used 299008K [0x00000000d5580000, 0x00000000f7400000, 0x0000000100000000)
  eden space 299008K, 100% used [0x00000000d5580000,0x00000000e7980000,0x00000000e7980000)
  from space 59904K, 0% used [0x00000000ed800000,0x00000000ed800000,0x00000000f1280000)
  to   space 96768K, 0% used [0x00000000e7980000,0x00000000e7980000,0x00000000ed800000)
 ParOldGen       total 334336K, used 174294K [0x0000000080000000, 0x0000000094680000, 0x00000000d5580000)
  object space 334336K, 52% used [0x0000000080000000,0x000000008aa35a48,0x0000000094680000)
 Metaspace       used 114841K, capacity 121487K, committed 124072K, reserved 1157120K
  class space    used 14769K, capacity 15967K, committed 16560K, reserved 1048576K
Event: 17601.734 GC heap after
Heap after GC invocations=42 (full 5):
 PSYoungGen      total 395776K, used 49282K [0x00000000d5580000, 0x00000000f6280000, 0x0000000100000000)
  eden space 299008K, 0% used [0x00000000d5580000,0x00000000d5580000,0x00000000e7980000)
  from space 96768K, 50% used [0x00000000e7980000,0x00000000ea9a08a8,0x00000000ed800000)
  to   space 95744K, 0% used [0x00000000f0500000,0x00000000f0500000,0x00000000f6280000)
 ParOldGen       total 334336K, used 174294K [0x0000000080000000, 0x0000000094680000, 0x00000000d5580000)
  object space 334336K, 52% used [0x0000000080000000,0x000000008aa35a48,0x0000000094680000)
 Metaspace       used 114841K, capacity 121487K, committed 124072K, reserved 1157120K
  class space    used 14769K, capacity 15967K, committed 16560K, reserved 1048576K
}
Event: 17641.772 GC heap before
{Heap before GC invocations=43 (full 5):
 PSYoungGen      total 395776K, used 348290K [0x00000000d5580000, 0x00000000f6280000, 0x0000000100000000)
  eden space 299008K, 100% used [0x00000000d5580000,0x00000000e7980000,0x00000000e7980000)
  from space 96768K, 50% used [0x00000000e7980000,0x00000000ea9a08a8,0x00000000ed800000)
  to   space 95744K, 0% used [0x00000000f0500000,0x00000000f0500000,0x00000000f6280000)
 ParOldGen       total 334336K, used 174294K [0x0000000080000000, 0x0000000094680000, 0x00000000d5580000)
  object space 334336K, 52% used [0x0000000080000000,0x000000008aa35a48,0x0000000094680000)
 Metaspace       used 115206K, capacity 122005K, committed 124072K, reserved 1157120K
  class space    used 14826K, capacity 16062K, committed 16560K, reserved 1048576K
Event: 17641.808 GC heap after
Heap after GC invocations=43 (full 5):
 PSYoungGen      total 421376K, used 36400K [0x00000000d5580000, 0x00000000f5300000, 0x0000000100000000)
  eden space 341504K, 0% used [0x00000000d5580000,0x00000000d5580000,0x00000000ea300000)
  from space 79872K, 45% used [0x00000000f0500000,0x00000000f288c000,0x00000000f5300000)
  to   space 90112K, 0% used [0x00000000ea300000,0x00000000ea300000,0x00000000efb00000)
 ParOldGen       total 334336K, used 174302K [0x0000000080000000, 0x0000000094680000, 0x00000000d5580000)
  object space 334336K, 52% used [0x0000000080000000,0x000000008aa37a48,0x0000000094680000)
 Metaspace       used 115206K, capacity 122005K, committed 124072K, reserved 1157120K
  class space    used 14826K, capacity 16062K, committed 16560K, reserved 1048576K
}
Event: 20689.067 GC heap before
{Heap before GC invocations=44 (full 5):
 PSYoungGen      total 421376K, used 377904K [0x00000000d5580000, 0x00000000f5300000, 0x0000000100000000)
  eden space 341504K, 100% used [0x00000000d5580000,0x00000000ea300000,0x00000000ea300000)
  from space 79872K, 45% used [0x00000000f0500000,0x00000000f288c000,0x00000000f5300000)
  to   space 90112K, 0% used [0x00000000ea300000,0x00000000ea300000,0x00000000efb00000)
 ParOldGen       total 334336K, used 174302K [0x0000000080000000, 0x0000000094680000, 0x00000000d5580000)
  object space 334336K, 52% used [0x0000000080000000,0x000000008aa37a48,0x0000000094680000)
 Metaspace       used 116249K, capacity 124277K, committed 124712K, reserved 1157120K
  class space    used 15013K, capacity 16406K, committed 16688K, reserved 1048576K
Event: 20689.480 GC heap after
Heap after GC invocations=44 (full 5):
 PSYoungGen      total 431616K, used 32223K [0x00000000d5580000, 0x00000000f7380000, 0x0000000100000000)
  eden space 341504K, 0% used [0x00000000d5580000,0x00000000d5580000,0x00000000ea300000)
  from space 90112K, 35% used [0x00000000ea300000,0x00000000ec277da0,0x00000000efb00000)
  to   space 85504K, 0% used [0x00000000f2000000,0x00000000f2000000,0x00000000f7380000)
 ParOldGen       total 334336K, used 174302K [0x0000000080000000, 0x0000000094680000, 0x00000000d5580000)
  object space 334336K, 52% used [0x0000000080000000,0x000000008aa37a48,0x0000000094680000)
 Metaspace       used 116249K, capacity 124277K, committed 124712K, reserved 1157120K
  class space    used 15013K, capacity 16406K, committed 16688K, reserved 1048576K
}
Event: 20986.110 GC heap before
{Heap before GC invocations=45 (full 5):
 PSYoungGen      total 431616K, used 373727K [0x00000000d5580000, 0x00000000f7380000, 0x0000000100000000)
  eden space 341504K, 100% used [0x00000000d5580000,0x00000000ea300000,0x00000000ea300000)
  from space 90112K, 35% used [0x00000000ea300000,0x00000000ec277da0,0x00000000efb00000)
  to   space 85504K, 0% used [0x00000000f2000000,0x00000000f2000000,0x00000000f7380000)
 ParOldGen       total 334336K, used 174302K [0x0000000080000000, 0x0000000094680000, 0x00000000d5580000)
  object space 334336K, 52% used [0x0000000080000000,0x000000008aa37a48,0x0000000094680000)
 Metaspace       used 116514K, capacity 124669K, committed 124968K, reserved 1157120K
  class space    used 15044K, capacity 16460K, committed 16688K, reserved 1048576K
Event: 20986.211 GC heap after
Heap after GC invocations=45 (full 5):
 PSYoungGen      total 451072K, used 23707K [0x00000000d5580000, 0x00000000f6780000, 0x0000000100000000)
  eden space 377856K, 0% used [0x00000000d5580000,0x00000000d5580000,0x00000000ec680000)
  from space 73216K, 32% used [0x00000000f2000000,0x00000000f3726f58,0x00000000f6780000)
  to   space 82432K, 0% used [0x00000000ec680000,0x00000000ec680000,0x00000000f1700000)
 ParOldGen       total 334336K, used 174310K [0x0000000080000000, 0x0000000094680000, 0x00000000d5580000)
  object space 334336K, 52% used [0x0000000080000000,0x000000008aa39a48,0x0000000094680000)
 Metaspace       used 116514K, capacity 124669K, committed 124968K, reserved 1157120K
  class space    used 15044K, capacity 16460K, committed 16688K, reserved 1048576K
}
Event: 21016.761 GC heap before
{Heap before GC invocations=46 (full 5):
 PSYoungGen      total 451072K, used 401563K [0x00000000d5580000, 0x00000000f6780000, 0x0000000100000000)
  eden space 377856K, 100% used [0x00000000d5580000,0x00000000ec680000,0x00000000ec680000)
  from space 73216K, 32% used [0x00000000f2000000,0x00000000f3726f58,0x00000000f6780000)
  to   space 82432K, 0% used [0x00000000ec680000,0x00000000ec680000,0x00000000f1700000)
 ParOldGen       total 334336K, used 174310K [0x0000000080000000, 0x0000000094680000, 0x00000000d5580000)
  object space 334336K, 52% used [0x0000000080000000,0x000000008aa39a48,0x0000000094680000)
 Metaspace       used 116733K, capacity 125143K, committed 125480K, reserved 1159168K
  class space    used 15062K, capacity 16521K, committed 16688K, reserved 1048576K
Event: 21017.226 GC heap after
Heap after GC invocations=46 (full 5):
 PSYoungGen      total 460288K, used 22555K [0x00000000d5580000, 0x00000000f8680000, 0x0000000100000000)
  eden space 377856K, 0% used [0x00000000d5580000,0x00000000d5580000,0x00000000ec680000)
  from space 82432K, 27% used [0x00000000ec680000,0x00000000edc86c48,0x00000000f1700000)
  to   space 79872K, 0% used [0x00000000f3880000,0x00000000f3880000,0x00000000f8680000)
 ParOldGen       total 334336K, used 174310K [0x0000000080000000, 0x0000000094680000, 0x00000000d5580000)
  object space 334336K, 52% used [0x0000000080000000,0x000000008aa39a48,0x0000000094680000)
 Metaspace       used 116733K, capacity 125143K, committed 125480K, reserved 1159168K
  class space    used 15062K, capacity 16521K, committed 16688K, reserved 1048576K
}

